<?xml version="1.0" encoding="UTF-8"?>
<testsuite name="com.data.table.ViewApp.ViewAppApplicationTests" tests="1" skipped="0" failures="0" errors="0" timestamp="2020-12-05T06:27:32" hostname="bathirenathan" time="0.673">
  <properties/>
  <testcase name="contextLoads()" classname="com.data.table.ViewApp.ViewAppApplicationTests" time="0.673"/>
  <system-out><![CDATA[11:57:26.053 [Test worker] DEBUG org.springframework.test.context.BootstrapUtils - Instantiating CacheAwareContextLoaderDelegate from class [org.springframework.test.context.cache.DefaultCacheAwareContextLoaderDelegate]
11:57:26.079 [Test worker] DEBUG org.springframework.test.context.BootstrapUtils - Instantiating BootstrapContext using constructor [public org.springframework.test.context.support.DefaultBootstrapContext(java.lang.Class,org.springframework.test.context.CacheAwareContextLoaderDelegate)]
11:57:26.143 [Test worker] DEBUG org.springframework.test.context.BootstrapUtils - Instantiating TestContextBootstrapper for test class [com.data.table.ViewApp.ViewAppApplicationTests] from class [org.springframework.boot.test.context.SpringBootTestContextBootstrapper]
11:57:26.164 [Test worker] INFO org.springframework.boot.test.context.SpringBootTestContextBootstrapper - Neither @ContextConfiguration nor @ContextHierarchy found for test class [com.data.table.ViewApp.ViewAppApplicationTests], using SpringBootContextLoader
11:57:26.171 [Test worker] DEBUG org.springframework.test.context.support.AbstractContextLoader - Did not detect default resource location for test class [com.data.table.ViewApp.ViewAppApplicationTests]: class path resource [com/data/table/ViewApp/ViewAppApplicationTests-context.xml] does not exist
11:57:26.172 [Test worker] DEBUG org.springframework.test.context.support.AbstractContextLoader - Did not detect default resource location for test class [com.data.table.ViewApp.ViewAppApplicationTests]: class path resource [com/data/table/ViewApp/ViewAppApplicationTestsContext.groovy] does not exist
11:57:26.172 [Test worker] INFO org.springframework.test.context.support.AbstractContextLoader - Could not detect default resource locations for test class [com.data.table.ViewApp.ViewAppApplicationTests]: no resource found for suffixes {-context.xml, Context.groovy}.
11:57:26.173 [Test worker] INFO org.springframework.test.context.support.AnnotationConfigContextLoaderUtils - Could not detect default configuration classes for test class [com.data.table.ViewApp.ViewAppApplicationTests]: ViewAppApplicationTests does not declare any static, non-private, non-final, nested classes annotated with @Configuration.
11:57:26.249 [Test worker] DEBUG org.springframework.test.context.support.ActiveProfilesUtils - Could not find an 'annotation declaring class' for annotation type [org.springframework.test.context.ActiveProfiles] and class [com.data.table.ViewApp.ViewAppApplicationTests]
11:57:26.370 [Test worker] DEBUG org.springframework.context.annotation.ClassPathScanningCandidateComponentProvider - Identified candidate component class: file [/home/bathirenathan/Downloads/ViewApp/build/classes/java/main/com/data/table/ViewApp/ViewAppApplication.class]
11:57:26.372 [Test worker] INFO org.springframework.boot.test.context.SpringBootTestContextBootstrapper - Found @SpringBootConfiguration com.data.table.ViewApp.ViewAppApplication for test class com.data.table.ViewApp.ViewAppApplicationTests
11:57:26.524 [Test worker] DEBUG org.springframework.boot.test.context.SpringBootTestContextBootstrapper - @TestExecutionListeners is not present for class [com.data.table.ViewApp.ViewAppApplicationTests]: using defaults.
11:57:26.525 [Test worker] INFO org.springframework.boot.test.context.SpringBootTestContextBootstrapper - Loaded default TestExecutionListener class names from location [META-INF/spring.factories]: [org.springframework.boot.test.autoconfigure.restdocs.RestDocsTestExecutionListener, org.springframework.boot.test.autoconfigure.web.client.MockRestServiceServerResetTestExecutionListener, org.springframework.boot.test.autoconfigure.web.servlet.MockMvcPrintOnlyOnFailureTestExecutionListener, org.springframework.boot.test.autoconfigure.web.servlet.WebDriverTestExecutionListener, org.springframework.boot.test.autoconfigure.webservices.client.MockWebServiceServerTestExecutionListener, org.springframework.boot.test.mock.mockito.MockitoTestExecutionListener, org.springframework.boot.test.mock.mockito.ResetMocksTestExecutionListener, org.springframework.test.context.web.ServletTestExecutionListener, org.springframework.test.context.support.DirtiesContextBeforeModesTestExecutionListener, org.springframework.test.context.support.DependencyInjectionTestExecutionListener, org.springframework.test.context.support.DirtiesContextTestExecutionListener, org.springframework.test.context.transaction.TransactionalTestExecutionListener, org.springframework.test.context.jdbc.SqlScriptsTestExecutionListener, org.springframework.test.context.event.EventPublishingTestExecutionListener]
11:57:26.546 [Test worker] INFO org.springframework.boot.test.context.SpringBootTestContextBootstrapper - Using TestExecutionListeners: [org.springframework.test.context.web.ServletTestExecutionListener@103a8a4c, org.springframework.test.context.support.DirtiesContextBeforeModesTestExecutionListener@39cc7eb9, org.springframework.boot.test.mock.mockito.MockitoTestExecutionListener@1d8bb2ad, org.springframework.boot.test.autoconfigure.SpringBootDependencyInjectionTestExecutionListener@34163227, org.springframework.test.context.support.DirtiesContextTestExecutionListener@70baa603, org.springframework.test.context.transaction.TransactionalTestExecutionListener@2a59271b, org.springframework.test.context.jdbc.SqlScriptsTestExecutionListener@6a87f627, org.springframework.test.context.event.EventPublishingTestExecutionListener@6f05765a, org.springframework.boot.test.autoconfigure.restdocs.RestDocsTestExecutionListener@4a2a4f07, org.springframework.boot.test.autoconfigure.web.client.MockRestServiceServerResetTestExecutionListener@2928c8a6, org.springframework.boot.test.autoconfigure.web.servlet.MockMvcPrintOnlyOnFailureTestExecutionListener@7c4b256a, org.springframework.boot.test.autoconfigure.web.servlet.WebDriverTestExecutionListener@38b82b1f, org.springframework.boot.test.autoconfigure.webservices.client.MockWebServiceServerTestExecutionListener@20721978, org.springframework.boot.test.mock.mockito.ResetMocksTestExecutionListener@4ff08828]
11:57:26.553 [Test worker] DEBUG org.springframework.test.context.support.AbstractDirtiesContextTestExecutionListener - Before test class: context [DefaultTestContext@64c43091 testClass = ViewAppApplicationTests, testInstance = [null], testMethod = [null], testException = [null], mergedContextConfiguration = [WebMergedContextConfiguration@6d9f6d51 testClass = ViewAppApplicationTests, locations = '{}', classes = '{class com.data.table.ViewApp.ViewAppApplication}', contextInitializerClasses = '[]', activeProfiles = '{}', propertySourceLocations = '{}', propertySourceProperties = '{org.springframework.boot.test.context.SpringBootTestContextBootstrapper=true}', contextCustomizers = set[org.springframework.boot.test.autoconfigure.actuate.metrics.MetricsExportContextCustomizerFactory$DisableMetricExportContextCustomizer@3cc74091, org.springframework.boot.test.autoconfigure.properties.PropertyMappingContextCustomizer@0, org.springframework.boot.test.autoconfigure.web.servlet.WebDriverContextCustomizerFactory$Customizer@40e6dd9e, org.springframework.boot.test.context.filter.ExcludeFilterContextCustomizer@6478145d, org.springframework.boot.test.json.DuplicateJsonObjectContextCustomizerFactory$DuplicateJsonObjectContextCustomizer@3d204ad3, org.springframework.boot.test.mock.mockito.MockitoContextCustomizer@0, org.springframework.boot.test.web.client.TestRestTemplateContextCustomizer@37ad2c26, org.springframework.boot.test.web.reactive.server.WebTestClientContextCustomizer@7e76ef0c, org.springframework.boot.test.context.SpringBootTestArgs@1, org.springframework.boot.test.context.SpringBootTestWebEnvironment@345f0feb], resourceBasePath = 'src/main/webapp', contextLoader = 'org.springframework.boot.test.context.SpringBootContextLoader', parent = [null]], attributes = map['org.springframework.test.context.web.ServletTestExecutionListener.activateListener' -> true]], class annotated with @DirtiesContext [false] with mode [null].
11:57:26.603 [Test worker] DEBUG org.springframework.test.context.support.TestPropertySourceUtils - Adding inlined properties to environment: {spring.jmx.enabled=false, org.springframework.boot.test.context.SpringBootTestContextBootstrapper=true}

  .   ____          _            __ _ _
 /\\ / ___'_ __ _ _(_)_ __  __ _ \ \ \ \
( ( )\___ | '_ | '_| | '_ \/ _` | \ \ \ \
 \\/  ___)| |_)| | | | | || (_| |  ) ) ) )
  '  |____| .__|_| |_|_| |_\__, | / / / /
 =========|_|==============|___/=/_/_/_/
 :: Spring Boot ::                (v2.4.0)

2020-12-05 11:57:27.019  INFO 25744 --- [    Test worker] c.d.t.ViewApp.ViewAppApplicationTests    : Starting ViewAppApplicationTests using Java 1.8.0_275 on bathirenathan with PID 25744 (started by bathirenathan in /home/bathirenathan/Downloads/ViewApp)
2020-12-05 11:57:27.031  INFO 25744 --- [    Test worker] c.d.t.ViewApp.ViewAppApplicationTests    : No active profile set, falling back to default profiles: default
2020-12-05 11:57:28.091  INFO 25744 --- [    Test worker] .s.d.r.c.RepositoryConfigurationDelegate : Bootstrapping Spring Data JDBC repositories in DEFAULT mode.
2020-12-05 11:57:28.113  INFO 25744 --- [    Test worker] .s.d.r.c.RepositoryConfigurationDelegate : Finished Spring Data repository scanning in 14 ms. Found 0 JDBC repository interfaces.
2020-12-05 11:57:30.115  INFO 25744 --- [    Test worker] o.s.s.concurrent.ThreadPoolTaskExecutor  : Initializing ExecutorService 'applicationTaskExecutor'
2020-12-05 11:57:30.318  INFO 25744 --- [    Test worker] o.s.b.a.w.s.WelcomePageHandlerMapping    : Adding welcome page: class path resource [static/index.html]
2020-12-05 11:57:31.296  INFO 25744 --- [    Test worker] com.zaxxer.hikari.HikariDataSource       : HikariPool-1 - Starting...
2020-12-05 11:57:31.306  WARN 25744 --- [    Test worker] com.zaxxer.hikari.util.DriverDataSource  : Registered driver with driverClassName=com.mysql.jdbc.Driver was not found, trying direct instantiation.
2020-12-05 11:57:32.208  INFO 25744 --- [    Test worker] com.zaxxer.hikari.HikariDataSource       : HikariPool-1 - Start completed.
2020-12-05 11:57:32.628  INFO 25744 --- [    Test worker] c.d.t.ViewApp.ViewAppApplicationTests    : Started ViewAppApplicationTests in 6.015 seconds (JVM running for 7.876)
]]></system-out>
  <system-err><![CDATA[Loading class `com.mysql.jdbc.Driver'. This is deprecated. The new driver class is `com.mysql.cj.jdbc.Driver'. The driver is automatically registered via the SPI and manual loading of the driver class is generally unnecessary.
]]></system-err>
</testsuite>
